# JRE version: OpenJDK Runtime Environment (8.0_152-b01) (build 1.8.0_152-release-915-b01)
# Java VM: OpenJDK 64-Bit Server VM (25.152-b01 mixed mode windows-amd64 compressed oops)
Heap:
 PSYoungGen      total 357376K, used 334269K [0x00000000e0000000, 0x00000000f9600000, 0x0000000100000000)
  eden space 304128K, 98% used [0x00000000e0000000,0x00000000f253a538,0x00000000f2900000)
  from space 53248K, 63% used [0x00000000f6200000,0x00000000f83352a0,0x00000000f9600000)
  to   space 55808K, 0% used [0x00000000f2900000,0x00000000f2900000,0x00000000f5f80000)
 ParOldGen       total 136704K, used 100372K [0x00000000a0000000, 0x00000000a8580000, 0x00000000e0000000)
  object space 136704K, 73% used [0x00000000a0000000,0x00000000a6205358,0x00000000a8580000)
 Metaspace       used 82282K, capacity 86320K, committed 86488K, reserved 1124352K
  class space    used 10444K, capacity 11418K, committed 11520K, reserved 1048576K
GC Heap History (10 events):
Event: 581.864 GC heap before
{Heap before GC invocations=25 (full 3):
 PSYoungGen      total 171520K, used 152986K [0x00000000e0000000, 0x00000000ef680000, 0x0000000100000000)
  eden space 140288K, 100% used [0x00000000e0000000,0x00000000e8900000,0x00000000e8900000)
  from space 31232K, 40% used [0x00000000e8900000,0x00000000e9566b40,0x00000000ea780000)
  to   space 29696K, 0% used [0x00000000ed980000,0x00000000ed980000,0x00000000ef680000)
 ParOldGen       total 136704K, used 48760K [0x00000000a0000000, 0x00000000a8580000, 0x00000000e0000000)
  object space 136704K, 35% used [0x00000000a0000000,0x00000000a2f9e230,0x00000000a8580000)
 Metaspace       used 66436K, capacity 69638K, committed 69720K, reserved 1110016K
  class space    used 8724K, capacity 9525K, committed 9600K, reserved 1048576K
Event: 581.882 GC heap after
Heap after GC invocations=25 (full 3):
 PSYoungGen      total 217600K, used 13841K [0x00000000e0000000, 0x00000000ef280000, 0x0000000100000000)
  eden space 192000K, 0% used [0x00000000e0000000,0x00000000e0000000,0x00000000ebb80000)
  from space 25600K, 54% used [0x00000000ed980000,0x00000000ee7047b0,0x00000000ef280000)
  to   space 28160K, 0% used [0x00000000ebb80000,0x00000000ebb80000,0x00000000ed700000)
 ParOldGen       total 136704K, used 48768K [0x00000000a0000000, 0x00000000a8580000, 0x00000000e0000000)
  object space 136704K, 35% used [0x00000000a0000000,0x00000000a2fa0230,0x00000000a8580000)
 Metaspace       used 66436K, capacity 69638K, committed 69720K, reserved 1110016K
  class space    used 8724K, capacity 9525K, committed 9600K, reserved 1048576K
}
Event: 592.370 GC heap before
{Heap before GC invocations=26 (full 3):
 PSYoungGen      total 217600K, used 205841K [0x00000000e0000000, 0x00000000ef280000, 0x0000000100000000)
  eden space 192000K, 100% used [0x00000000e0000000,0x00000000ebb80000,0x00000000ebb80000)
  from space 25600K, 54% used [0x00000000ed980000,0x00000000ee7047b0,0x00000000ef280000)
  to   space 28160K, 0% used [0x00000000ebb80000,0x00000000ebb80000,0x00000000ed700000)
 ParOldGen       total 136704K, used 48768K [0x00000000a0000000, 0x00000000a8580000, 0x00000000e0000000)
  object space 136704K, 35% used [0x00000000a0000000,0x00000000a2fa0230,0x00000000a8580000)
 Metaspace       used 67513K, capacity 70946K, committed 71128K, reserved 1110016K
  class space    used 8819K, capacity 9691K, committed 9728K, reserved 1048576K
Event: 592.403 GC heap after
Heap after GC invocations=26 (full 3):
 PSYoungGen      total 220160K, used 26367K [0x00000000e0000000, 0x00000000f3c00000, 0x0000000100000000)
  eden space 192000K, 0% used [0x00000000e0000000,0x00000000e0000000,0x00000000ebb80000)
  from space 28160K, 93% used [0x00000000ebb80000,0x00000000ed53fd88,0x00000000ed700000)
  to   space 31744K, 0% used [0x00000000f1d00000,0x00000000f1d00000,0x00000000f3c00000)
 ParOldGen       total 136704K, used 48776K [0x00000000a0000000, 0x00000000a8580000, 0x00000000e0000000)
  object space 136704K, 35% used [0x00000000a0000000,0x00000000a2fa2230,0x00000000a8580000)
 Metaspace       used 67513K, capacity 70946K, committed 71128K, reserved 1110016K
  class space    used 8819K, capacity 9691K, committed 9728K, reserved 1048576K
}
Event: 610.775 GC heap before
{Heap before GC invocations=27 (full 3):
 PSYoungGen      total 220160K, used 218359K [0x00000000e0000000, 0x00000000f3c00000, 0x0000000100000000)
  eden space 192000K, 99% used [0x00000000e0000000,0x00000000ebb7e038,0x00000000ebb80000)
  from space 28160K, 93% used [0x00000000ebb80000,0x00000000ed53fd88,0x00000000ed700000)
  to   space 31744K, 0% used [0x00000000f1d00000,0x00000000f1d00000,0x00000000f3c00000)
 ParOldGen       total 136704K, used 48776K [0x00000000a0000000, 0x00000000a8580000, 0x00000000e0000000)
  object space 136704K, 35% used [0x00000000a0000000,0x00000000a2fa2230,0x00000000a8580000)
 Metaspace       used 70160K, capacity 73662K, committed 73944K, reserved 1114112K
  class space    used 9073K, capacity 9937K, committed 9984K, reserved 1048576K
Event: 610.844 GC heap after
Heap after GC invocations=27 (full 3):
 PSYoungGen      total 278528K, used 31728K [0x00000000e0000000, 0x00000000f5400000, 0x0000000100000000)
  eden space 246784K, 0% used [0x00000000e0000000,0x00000000e0000000,0x00000000ef100000)
  from space 31744K, 99% used [0x00000000f1d00000,0x00000000f3bfc070,0x00000000f3c00000)
  to   space 45056K, 0% used [0x00000000ef100000,0x00000000ef100000,0x00000000f1d00000)
 ParOldGen       total 136704K, used 71735K [0x00000000a0000000, 0x00000000a8580000, 0x00000000e0000000)
  object space 136704K, 52% used [0x00000000a0000000,0x00000000a460de00,0x00000000a8580000)
 Metaspace       used 70160K, capacity 73662K, committed 73944K, reserved 1114112K
  class space    used 9073K, capacity 9937K, committed 9984K, reserved 1048576K
}
Event: 630.346 GC heap before
{Heap before GC invocations=28 (full 3):
 PSYoungGen      total 278528K, used 278512K [0x00000000e0000000, 0x00000000f5400000, 0x0000000100000000)
  eden space 246784K, 100% used [0x00000000e0000000,0x00000000ef100000,0x00000000ef100000)
  from space 31744K, 99% used [0x00000000f1d00000,0x00000000f3bfc070,0x00000000f3c00000)
  to   space 45056K, 0% used [0x00000000ef100000,0x00000000ef100000,0x00000000f1d00000)
 ParOldGen       total 136704K, used 71735K [0x00000000a0000000, 0x00000000a8580000, 0x00000000e0000000)
  object space 136704K, 52% used [0x00000000a0000000,0x00000000a460de00,0x00000000a8580000)
 Metaspace       used 70628K, capacity 74282K, committed 74456K, reserved 1114112K
  class space    used 9115K, capacity 9965K, committed 9984K, reserved 1048576K
Event: 630.418 GC heap after
Heap after GC invocations=28 (full 3):
 PSYoungGen      total 291840K, used 45035K [0x00000000e0000000, 0x00000000f9780000, 0x0000000100000000)
  eden space 246784K, 0% used [0x00000000e0000000,0x00000000e0000000,0x00000000ef100000)
  from space 45056K, 99% used [0x00000000ef100000,0x00000000f1cfad10,0x00000000f1d00000)
  to   space 54784K, 0% used [0x00000000f6200000,0x00000000f6200000,0x00000000f9780000)
 ParOldGen       total 136704K, used 79168K [0x00000000a0000000, 0x00000000a8580000, 0x00000000e0000000)
  object space 136704K, 57% used [0x00000000a0000000,0x00000000a4d503d8,0x00000000a8580000)
 Metaspace       used 70628K, capacity 74282K, committed 74456K, reserved 1114112K
  class space    used 9115K, capacity 9965K, committed 9984K, reserved 1048576K
}
Event: 3067.160 GC heap before
{Heap before GC invocations=29 (full 3):
 PSYoungGen      total 291840K, used 291819K [0x00000000e0000000, 0x00000000f9780000, 0x0000000100000000)
  eden space 246784K, 100% used [0x00000000e0000000,0x00000000ef100000,0x00000000ef100000)
  from space 45056K, 99% used [0x00000000ef100000,0x00000000f1cfad10,0x00000000f1d00000)
  to   space 54784K, 0% used [0x00000000f6200000,0x00000000f6200000,0x00000000f9780000)
 ParOldGen       total 136704K, used 79168K [0x00000000a0000000, 0x00000000a8580000, 0x00000000e0000000)
  object space 136704K, 57% used [0x00000000a0000000,0x00000000a4d503d8,0x00000000a8580000)
 Metaspace       used 71030K, capacity 74768K, committed 74840K, reserved 1114112K
  class space    used 9153K, capacity 10054K, committed 10112K, reserved 1048576K
Event: 3067.236 GC heap after
Heap after GC invocations=29 (full 3):
 PSYoungGen      total 357376K, used 34004K [0x00000000e0000000, 0x00000000f9600000, 0x0000000100000000)
  eden space 304128K, 0% used [0x00000000e0000000,0x00000000e0000000,0x00000000f2900000)
  from space 53248K, 63% used [0x00000000f6200000,0x00000000f83352a0,0x00000000f9600000)
  to   space 55808K, 0% used [0x00000000f2900000,0x00000000f2900000,0x00000000f5f80000)
 ParOldGen       total 136704K, used 100372K [0x00000000a0000000, 0x00000000a8580000, 0x00000000e0000000)
  object space 136704K, 73% used [0x00000000a0000000,0x00000000a6205358,0x00000000a8580000)
 Metaspace       used 71030K, capacity 74768K, committed 74840K, reserved 1114112K
  class space    used 9153K, capacity 10054K, committed 10112K, reserved 1048576K
}

